[Thursday, 20 Nov 2025 11:46:38 GMT][INFO] Execução iniciada
[Thursday, 20 Nov 2025 11:46:38 GMT][INFO] Execução concluída
[Thursday, 20 Nov 2025 18:32:58 GMT][INFO] Execução iniciada
[Thursday, 20 Nov 2025 18:32:58 GMT][INFO] Execução concluída
[Thursday, 20 Nov 2025 18:43:14 GMT][INFO] Execução iniciada
[Thursday, 20 Nov 2025 18:43:14 GMT][INFO] Execução concluída
[Thursday, 20 Nov 2025 18:58:49 GMT][INFO] Execução iniciada
[Thursday, 20 Nov 2025 18:58:49 GMT][INFO] Execução concluída
[Wednesday, 26 Nov 2025 09:09:42 GMT][INFO] Execução iniciada
[Wednesday, 26 Nov 2025 09:09:42 GMT][INFO] Execução concluída
[Thursday, 27 Nov 2025 17:02:57 GMT][INFO] Execução iniciada
[Thursday, 27 Nov 2025 17:02:57 GMT][INFO] Execução concluída
[Monday, 01 Dec 2025 15:56:18 GMT][INFO] Execução iniciada
[Monday, 01 Dec 2025 15:56:18 GMT][INFO] Execução concluída
[Monday, 01 Dec 2025 16:21:07 GMT][INFO] Execução iniciada
[Monday, 01 Dec 2025 16:21:07 GMT][INFO] Execução concluída
[Monday, 01 Dec 2025 17:43:30 GMT][INFO] Execução iniciada
[Monday, 01 Dec 2025 17:43:31 GMT][INFO] Execução concluída
[Monday, 01 Dec 2025 18:09:07 GMT][INFO] Execução iniciada
[Monday, 01 Dec 2025 18:09:08 GMT][INFO] Execução concluída
