Friday, 21 Nov 2025 16:28:55 GMT [RENAMER] Path Dados_Config usado: ~/AppData/Roaming/GND9TOOLS script/runtime/config/Dados_Config.json
Friday, 21 Nov 2025 16:28:55 GMT [RENAMER] Lendo JSON: ~/AppData/Roaming/GND9TOOLS script/runtime/config/Dados_Config.json
Friday, 21 Nov 2025 16:29:48 GMT [RENAMER] Path Dados_Config usado: ~/AppData/Roaming/GND9TOOLS script/runtime/config/Dados_Config.json
Friday, 21 Nov 2025 16:29:48 GMT [RENAMER] Lendo JSON: ~/AppData/Roaming/GND9TOOLS script/runtime/config/Dados_Config.json
Friday, 21 Nov 2025 16:30:53 GMT [RENAMER] Path Dados_Config usado: ~/AppData/Roaming/GND9TOOLS script/runtime/config/Dados_Config.json
Friday, 21 Nov 2025 16:30:53 GMT [RENAMER] Lendo JSON: ~/AppData/Roaming/GND9TOOLS script/runtime/config/Dados_Config.json
Friday, 21 Nov 2025 16:49:51 GMT [RENAMER] Path Dados_Config usado: ~/AppData/Roaming/GND9TOOLS script/runtime/config/Dados_Config.json
Friday, 21 Nov 2025 16:49:51 GMT [RENAMER] Lendo JSON: ~/AppData/Roaming/GND9TOOLS script/runtime/config/Dados_Config.json
Friday, 21 Nov 2025 16:50:47 GMT [RENAMER] Path Dados_Config usado: ~/AppData/Roaming/GND9TOOLS script/runtime/config/Dados_Config.json
Friday, 21 Nov 2025 16:50:47 GMT [RENAMER] Lendo JSON: ~/AppData/Roaming/GND9TOOLS script/runtime/config/Dados_Config.json
Friday, 21 Nov 2025 17:59:20 GMT [RENAMER] Path Dados_Config usado: ~/AppData/Roaming/GND9TOOLS script/runtime/config/Dados_Config.json
Friday, 21 Nov 2025 17:59:20 GMT [RENAMER] Lendo JSON: ~/AppData/Roaming/GND9TOOLS script/runtime/config/Dados_Config.json
Sunday, 23 Nov 2025 23:19:50 GMT [RENAMER] Path Dados_Config usado: ~/AppData/Roaming/GND9TOOLS script/runtime/config/Dados_Config.json
Sunday, 23 Nov 2025 23:19:50 GMT [RENAMER] Lendo JSON: ~/AppData/Roaming/GND9TOOLS script/runtime/config/Dados_Config.json
Monday, 24 Nov 2025 17:30:36 GMT [RENAMER] Path Dados_Config usado: ~/AppData/Roaming/GND9TOOLS script/runtime/config/Dados_Config.json
Monday, 24 Nov 2025 17:30:36 GMT [RENAMER] Lendo JSON: ~/AppData/Roaming/GND9TOOLS script/runtime/config/Dados_Config.json
Monday, 24 Nov 2025 17:45:52 GMT [RENAMER] Path Dados_Config usado: ~/AppData/Roaming/GND9TOOLS script/runtime/config/Dados_Config.json
Monday, 24 Nov 2025 17:45:52 GMT [RENAMER] Lendo JSON: ~/AppData/Roaming/GND9TOOLS script/runtime/config/Dados_Config.json
Tuesday, 25 Nov 2025 12:03:04 GMT [RENAMER] Path Dados_Config usado: ~/AppData/Roaming/GND9TOOLS script/runtime/config/Dados_Config.json
Tuesday, 25 Nov 2025 12:03:04 GMT [RENAMER] Lendo JSON: ~/AppData/Roaming/GND9TOOLS script/runtime/config/Dados_Config.json
Wednesday, 26 Nov 2025 09:43:56 GMT [RENAMER] Path Dados_Config usado: ~/AppData/Roaming/GND9TOOLS script/runtime/config/Dados_Config.json
Wednesday, 26 Nov 2025 09:43:56 GMT [RENAMER] Lendo JSON: ~/AppData/Roaming/GND9TOOLS script/runtime/config/Dados_Config.json
Friday, 28 Nov 2025 17:22:15 GMT [RENAMER] Path Dados_Config usado: ~/AppData/Roaming/GND9TOOLS script/runtime/config/Dados_Config.json
Friday, 28 Nov 2025 17:22:15 GMT [RENAMER] Lendo JSON: ~/AppData/Roaming/GND9TOOLS script/runtime/config/Dados_Config.json
Monday, 01 Dec 2025 12:28:47 GMT [RENAMER] Path Dados_Config usado: ~/AppData/Roaming/GND9TOOLS script/runtime/config/Dados_Config.json
Monday, 01 Dec 2025 12:28:47 GMT [RENAMER] Lendo JSON: ~/AppData/Roaming/GND9TOOLS script/runtime/config/Dados_Config.json
Monday, 01 Dec 2025 15:44:21 GMT [RENAMER] Path Dados_Config usado: ~/AppData/Roaming/GND9TOOLS script/runtime/config/Dados_Config.json
Monday, 01 Dec 2025 15:44:21 GMT [RENAMER] Lendo JSON: ~/AppData/Roaming/GND9TOOLS script/runtime/config/Dados_Config.json
