[Friday, 07 Nov 2025 12:24:12 GMT][INFO] Escaneamento concluido para T:\JORNALISMO\GLOBONEWS\JORNAIS\_PECAS_GRAFICAS (itens=57)
[Friday, 07 Nov 2025 12:24:13 GMT][INFO] Cache atualizado para 'JORNAIS' (/t/JORNALISMO/GLOBONEWS/JORNAIS/_PECAS_GRAFICAS) -> 1669 itens
[Friday, 07 Nov 2025 12:24:13 GMT][INFO] Feedback: Sucesso! Cache para 'JORNAIS' foi atualizado. |  | Total de 1669 arquivos encontrados neste caminho. | Metadados enxutos gerados: 1669 entradas. | (Contagem anterior: 0 arquivos | 0 metadados)
[Friday, 07 Nov 2025 12:35:56 GMT][INFO] Escaneamento concluido para T:\JORNALISMO\GLOBONEWS\JORNAIS\_PECAS_GRAFICAS\Ilustracoes (itens=44)
[Friday, 07 Nov 2025 12:35:56 GMT][INFO] Cache atualizado para 'ILUSTRACOES' (/t/JORNALISMO/GLOBONEWS/JORNAIS/_PECAS_GRAFICAS/Ilustracoes) -> 100 itens
[Friday, 07 Nov 2025 12:35:56 GMT][INFO] Feedback: Sucesso! Cache para 'ILUSTRACOES' foi atualizado. |  | Total de 100 arquivos encontrados neste caminho. | Metadados enxutos gerados: 100 entradas. | (Contagem anterior: 100 arquivos | 100 metadados)
[Friday, 07 Nov 2025 12:36:16 GMT][INFO] Escaneamento concluido para T:\JORNALISMO\GLOBONEWS\JORNAIS\_PECAS_GRAFICAS\Bases caracter\_BASES_TEMATICAS (itens=23)
[Friday, 07 Nov 2025 12:36:16 GMT][INFO] Cache atualizado para 'BASE TEMATICA' (/t/JORNALISMO/GLOBONEWS/JORNAIS/_PECAS_GRAFICAS/Bases caracter/_BASES_TEMATICAS) -> 41 itens
[Friday, 07 Nov 2025 12:36:16 GMT][INFO] Feedback: Sucesso! Cache para 'BASE TEMATICA' foi atualizado. |  | Total de 41 arquivos encontrados neste caminho. | Metadados enxutos gerados: 41 entradas. | (Contagem anterior: 41 arquivos | 41 metadados)
[Friday, 07 Nov 2025 13:02:09 GMT][INFO] Escaneamento concluido para T:\JORNALISMO\GLOBONEWS\JORNAIS\_PECAS_GRAFICAS\Bases caracter\_BASES_TEMATICAS (itens=23)
[Friday, 07 Nov 2025 13:02:09 GMT][INFO] Cache atualizado para 'BASE TEMATICA' (/t/JORNALISMO/GLOBONEWS/JORNAIS/_PECAS_GRAFICAS/Bases caracter/_BASES_TEMATICAS) -> 41 itens
[Friday, 07 Nov 2025 13:02:09 GMT][INFO] Feedback: Sucesso! Cache para 'BASE TEMATICA' foi atualizado. |  | Total de 41 arquivos encontrados neste caminho. | Metadados enxutos gerados: 41 entradas. | (Contagem anterior: 41 arquivos | 41 metadados)
[Friday, 07 Nov 2025 13:13:42 GMT][INFO] Escaneamento concluido para T:\JORNALISMO\GLOBONEWS\PROMO (itens=7)
[Friday, 07 Nov 2025 13:13:42 GMT][INFO] Cache atualizado para 'PROMO' (/t/JORNALISMO/GLOBONEWS/PROMO) -> 730 itens
[Friday, 07 Nov 2025 13:13:42 GMT][INFO] Feedback: Sucesso! Cache para 'PROMO' foi atualizado. |  | Total de 730 arquivos encontrados neste caminho. | Metadados enxutos gerados: 730 entradas. | (Contagem anterior: 0 arquivos | 0 metadados)
[Friday, 07 Nov 2025 13:41:56 GMT][INFO] Escaneamento concluido para T:\JORNALISMO\GLOBONEWS\JORNAIS\_PECAS_GRAFICAS (itens=57)
[Friday, 07 Nov 2025 13:41:56 GMT][INFO] Cache atualizado para 'JORNAIS' (/t/JORNALISMO/GLOBONEWS/JORNAIS/_PECAS_GRAFICAS) -> 1672 itens
[Friday, 07 Nov 2025 13:41:56 GMT][INFO] Feedback: Sucesso! Cache para 'JORNAIS' foi atualizado. |  | Total de 1672 arquivos encontrados neste caminho. | Metadados enxutos gerados: 1672 entradas. | (Contagem anterior: 0 arquivos | 0 metadados)
[Friday, 07 Nov 2025 15:44:50 GMT][INFO] Escaneamento concluido para T:\JORNALISMO\GLOBONEWS\JORNAIS\_PECAS_GRAFICAS (itens=57)
[Friday, 07 Nov 2025 15:46:23 GMT][INFO] Cache atualizado para 'JORNAIS' (/t/JORNALISMO/GLOBONEWS/JORNAIS/_PECAS_GRAFICAS) -> 1674 itens
[Friday, 07 Nov 2025 15:46:23 GMT][INFO] Feedback: Sucesso! Cache para 'JORNAIS' foi atualizado. |  | Total de 1674 arquivos encontrados neste caminho. | Metadados enxutos gerados: 1674 entradas. | (Contagem anterior: 1672 arquivos | 1672 metadados)
[Friday, 07 Nov 2025 17:49:19 GMT][INFO] Escaneamento concluido para T:\JORNALISMO\GLOBONEWS\PROGRAMAS (itens=17)
[Friday, 07 Nov 2025 17:49:20 GMT][INFO] Cache atualizado para 'PROGRAMAS' (/t/JORNALISMO/GLOBONEWS/PROGRAMAS) -> 4149 itens
[Friday, 07 Nov 2025 17:49:20 GMT][INFO] Feedback: Sucesso! Cache para 'PROGRAMAS' foi atualizado. |  | Total de 4149 arquivos encontrados neste caminho. | Metadados enxutos gerados: 4149 entradas. | (Contagem anterior: 0 arquivos | 0 metadados)
[Saturday, 08 Nov 2025 00:25:50 GMT][INFO] Escaneamento concluido para T:\JORNALISMO\GLOBONEWS\PROMO (itens=7)
[Saturday, 08 Nov 2025 04:57:34 GMT][INFO] Escaneamento concluido para T:\JORNALISMO\GLOBONEWS\PROGRAMAS (itens=17)
[Thursday, 13 Nov 2025 13:01:08 GMT][INFO] Escaneamento concluido para T:\JORNALISMO\GLOBONEWS\EVENTOS (itens=52)
[Thursday, 13 Nov 2025 13:01:09 GMT][INFO] Feedback: Sucesso! Cache para 'EVENTOS' foi atualizado. |  | Total de 1767 arquivos encontrados neste caminho. | Metadados enxutos gerados: 1767 entradas. | (Contagem anterior: 1763 arquivos | 1763 metadados)
[Thursday, 13 Nov 2025 13:17:29 GMT][INFO] Escaneamento concluido para T:\JORNALISMO\GLOBONEWS\JORNAIS\_PECAS_GRAFICAS (itens=57)
[Thursday, 13 Nov 2025 13:17:31 GMT][INFO] Feedback: Sucesso! Cache para 'JORNAIS' foi atualizado. |  | Total de 1737 arquivos encontrados neste caminho. | Metadados enxutos gerados: 1737 entradas. | (Contagem anterior: 1674 arquivos | 1674 metadados)
[Thursday, 13 Nov 2025 13:19:24 GMT][INFO] Escaneamento concluido para T:\JORNALISMO\GLOBONEWS\JORNAIS\_PECAS_GRAFICAS\Ilustracoes (itens=45)
[Thursday, 13 Nov 2025 13:19:24 GMT][INFO] Feedback: Sucesso! Cache para 'ILUSTRACOES' foi atualizado. |  | Total de 115 arquivos encontrados neste caminho. | Metadados enxutos gerados: 115 entradas. | (Contagem anterior: 100 arquivos | 100 metadados)
[Thursday, 13 Nov 2025 13:19:33 GMT][INFO] Escaneamento concluido para T:\JORNALISMO\GLOBONEWS\JORNAIS\_PECAS_GRAFICAS\Bases caracter\_BASES_TEMATICAS (itens=23)
[Thursday, 13 Nov 2025 13:19:33 GMT][INFO] Feedback: Sucesso! Cache para 'BASE TEMATICA' foi atualizado. |  | Total de 41 arquivos encontrados neste caminho. | Metadados enxutos gerados: 41 entradas. | (Contagem anterior: 41 arquivos | 41 metadados)
[Thursday, 13 Nov 2025 13:31:28 GMT][INFO] Escaneamento concluido para T:\JORNALISMO\GLOBONEWS\PROGRAMAS (itens=17)
[Thursday, 13 Nov 2025 13:31:31 GMT][INFO] Feedback: Sucesso! Cache para 'PROGRAMAS' foi atualizado. |  | Total de 4166 arquivos encontrados neste caminho. | Metadados enxutos gerados: 4166 entradas. | (Contagem anterior: 4155 arquivos | 4155 metadados)
[Thursday, 13 Nov 2025 13:34:57 GMT][INFO] Escaneamento concluido para T:\JORNALISMO\GLOBONEWS\MARKETING (itens=18)
[Thursday, 13 Nov 2025 13:34:57 GMT][INFO] Feedback: Sucesso! Cache para 'MARKETING' foi atualizado. |  | Total de 281 arquivos encontrados neste caminho. | Metadados enxutos gerados: 281 entradas. | (Contagem anterior: 281 arquivos | 281 metadados)
[Thursday, 13 Nov 2025 13:36:59 GMT][INFO] Escaneamento concluido para T:\JORNALISMO\GLOBONEWS\PROMO (itens=7)
[Thursday, 13 Nov 2025 13:37:00 GMT][INFO] Feedback: Sucesso! Cache para 'PROMO' foi atualizado. |  | Total de 733 arquivos encontrados neste caminho. | Metadados enxutos gerados: 733 entradas. | (Contagem anterior: 730 arquivos | 730 metadados)
[Thursday, 13 Nov 2025 15:29:46 GMT][INFO] Feedback: Nenhuma alteracao detectada para 'JORNAIS'. |  | Total mantido: 1737 arquivos.
[Thursday, 13 Nov 2025 15:31:28 GMT][INFO] Feedback: Nenhuma alteracao detectada para 'ILUSTRACOES'. |  | Total mantido: 115 arquivos.
[Thursday, 13 Nov 2025 15:31:31 GMT][INFO] Feedback: Nenhuma alteracao detectada para 'BASE TEMATICA'. |  | Total mantido: 41 arquivos.
[Thursday, 13 Nov 2025 15:40:25 GMT][INFO] Feedback: Nenhuma alteracao detectada para 'PROGRAMAS'. |  | Total mantido: 4166 arquivos.
[Thursday, 13 Nov 2025 15:41:27 GMT][INFO] Feedback: Nenhuma alteracao detectada para 'PROMO'. |  | Total mantido: 733 arquivos.
[Thursday, 13 Nov 2025 16:20:11 GMT][INFO] Feedback: Nenhuma alteracao detectada para 'PROGRAMAS'. |  | Total mantido: 4166 arquivos.
[Thursday, 13 Nov 2025 16:24:10 GMT][INFO] Feedback: Nenhuma alteracao detectada para 'BASE TEMATICA'. |  | Total mantido: 41 arquivos.
[Thursday, 13 Nov 2025 16:24:13 GMT][INFO] Feedback: Nenhuma alteracao detectada para 'ILUSTRACOES'. |  | Total mantido: 115 arquivos.
[Thursday, 13 Nov 2025 16:26:04 GMT][INFO] Feedback: Nenhuma alteracao detectada para 'EVENTOS'. |  | Total mantido: 1767 arquivos.
[Friday, 14 Nov 2025 15:39:30 GMT][INFO] Feedback: Nenhuma alteracao detectada para 'PROMO'. |  | Total mantido: 733 arquivos.
[Friday, 14 Nov 2025 16:02:28 GMT][INFO] Feedback: Nenhuma alteracao detectada para 'PROGRAMAS'. |  | Total mantido: 4166 arquivos.
[Friday, 14 Nov 2025 16:43:13 GMT][INFO] Feedback: Nenhuma alteracao detectada para 'PROMO'. |  | Total mantido: 733 arquivos.
