
[Sunday, 16 Nov 2025 22:29:11 GMT][INFO] [telemetry] pipelineWarmup 89ms | status=ok
[Sunday, 16 Nov 2025 22:29:11 GMT][INFO] [telemetry] loadCentralConfigs 0ms | cached=true warm=true success=true
[Sunday, 16 Nov 2025 22:29:40 GMT][INFO] [telemetry] loadMetadata:JORNAIS 28784ms | entries=1738 prod=JORNAIS
[Sunday, 16 Nov 2025 22:29:40 GMT][INFO] [telemetry] performSearch 29339ms | mode=list results=1738 search=false prod=JORNAIS
[Sunday, 16 Nov 2025 22:52:48 GMT][INFO] [telemetry] pipelineWarmup 133ms | status=ok
[Sunday, 16 Nov 2025 22:52:48 GMT][INFO] [telemetry] loadCentralConfigs 0ms | cached=true warm=true success=true
[Sunday, 16 Nov 2025 22:52:48 GMT][INFO] [telemetry] performSearch 0ms | status=pendingLoad prod=JORNAIS
[Sunday, 16 Nov 2025 22:54:06 GMT][ERROR] Erro inesperado ao carregar o cache de JORNAIS: Function updateProductionStatus is undefined
[Sunday, 16 Nov 2025 22:54:06 GMT][WARN] Erro inesperado ao carregar o cache de JORNAIS: Function updateProductionStatus is undefined
[Sunday, 16 Nov 2025 22:54:35 GMT][INFO] [telemetry] loadMetadata:JORNAIS 28295ms | entries=1738 prod=JORNAIS
[Sunday, 16 Nov 2025 22:54:35 GMT][ERROR] Erro inesperado ao carregar o cache de ILUSTRACOES: Function updateProductionStatus is undefined
[Sunday, 16 Nov 2025 22:54:35 GMT][WARN] Erro inesperado ao carregar o cache de ILUSTRACOES: Function updateProductionStatus is undefined
[Sunday, 16 Nov 2025 22:54:36 GMT][ERROR] Erro inesperado ao carregar o cache de BASE TEMATICA: Function updateProductionStatus is undefined
[Sunday, 16 Nov 2025 22:54:36 GMT][WARN] Erro inesperado ao carregar o cache de BASE TEMATICA: Function updateProductionStatus is undefined
[Sunday, 16 Nov 2025 22:56:02 GMT][INFO] Snapshot restaurado para PROGRAMAS (15 itens)
[Sunday, 16 Nov 2025 22:56:02 GMT][INFO] [telemetry] loadCache:PROGRAMAS 85514ms | status=snapshot prod=PROGRAMAS items=15
[Sunday, 16 Nov 2025 22:59:21 GMT][INFO] [telemetry] pipelineWarmup 134ms | status=ok
[Sunday, 16 Nov 2025 22:59:21 GMT][INFO] [telemetry] loadCentralConfigs 0ms | cached=true warm=true success=true
[Sunday, 16 Nov 2025 22:59:21 GMT][INFO] [telemetry] performSearch 0ms | status=pendingLoad prod=JORNAIS
[Sunday, 16 Nov 2025 23:01:06 GMT][INFO] [telemetry] performSearch 603ms | mode=list results=1738 search=false prod=JORNAIS
[Sunday, 16 Nov 2025 23:01:06 GMT][INFO] Cache carregado para JORNAIS (52 itens)
[Sunday, 16 Nov 2025 23:01:06 GMT][INFO] [telemetry] loadCache:JORNAIS 104256ms | status=ok prod=JORNAIS items=52
[Sunday, 16 Nov 2025 23:01:06 GMT][INFO] [telemetry] loadMetadata:JORNAIS 28856ms | entries=1738 prod=JORNAIS
[Sunday, 16 Nov 2025 23:01:07 GMT][INFO] [telemetry] performSearch 22ms | mode=list results=1738 search=false prod=JORNAIS
[Sunday, 16 Nov 2025 23:01:07 GMT][INFO] Cache carregado para ILUSTRACOES (33 itens)
[Sunday, 16 Nov 2025 23:01:07 GMT][INFO] [telemetry] loadCache:ILUSTRACOES 843ms | status=ok prod=ILUSTRACOES items=33
[Sunday, 16 Nov 2025 23:01:09 GMT][INFO] Cache carregado para BASE TEMATICA (18 itens)
[Sunday, 16 Nov 2025 23:01:09 GMT][INFO] [telemetry] loadCache:BASE TEMATICA 166ms | status=ok prod=BASE TEMATICA items=18
[Sunday, 16 Nov 2025 23:02:29 GMT][INFO] [telemetry] performSearch 19ms | mode=list results=1738 search=false prod=JORNAIS
[Sunday, 16 Nov 2025 23:02:30 GMT][INFO] Snapshot restaurado para PROGRAMAS (15 itens)
[Sunday, 16 Nov 2025 23:02:30 GMT][INFO] [telemetry] loadCache:PROGRAMAS 80886ms | status=snapshot prod=PROGRAMAS items=15
[Sunday, 16 Nov 2025 23:03:51 GMT][INFO] Cache carregado para EVENTOS (52 itens)
[Sunday, 16 Nov 2025 23:03:51 GMT][INFO] [telemetry] loadCache:EVENTOS 79430ms | status=ok prod=EVENTOS items=52
[Sunday, 16 Nov 2025 23:03:56 GMT][INFO] Cache carregado para MARKETING (12 itens)
[Sunday, 16 Nov 2025 23:03:56 GMT][INFO] [telemetry] loadCache:MARKETING 5448ms | status=ok prod=MARKETING items=12
[Sunday, 16 Nov 2025 23:04:00 GMT][INFO] Snapshot restaurado para PROMO (3 itens)
[Sunday, 16 Nov 2025 23:04:00 GMT][INFO] [telemetry] loadCache:PROMO 3345ms | status=snapshot prod=PROMO items=3
[Sunday, 16 Nov 2025 23:07:28 GMT][INFO] [telemetry] performSearch 24ms | mode=list results=1738 search=false prod=JORNAIS
[Sunday, 16 Nov 2025 23:07:31 GMT][INFO] [telemetry] performSearch 20ms | mode=list results=1738 search=false prod=JORNAIS
[Sunday, 16 Nov 2025 23:07:34 GMT][INFO] [telemetry] performSearch 25ms | mode=list results=1738 search=false prod=JORNAIS
[Sunday, 16 Nov 2025 23:07:34 GMT][INFO] [telemetry] performSearch 20ms | mode=list results=1738 search=false prod=JORNAIS
[Sunday, 16 Nov 2025 23:07:35 GMT][INFO] [telemetry] performSearch 20ms | mode=list results=1738 search=false prod=JORNAIS
[Sunday, 16 Nov 2025 23:07:35 GMT][INFO] [telemetry] performSearch 20ms | mode=list results=1738 search=false prod=JORNAIS
[Sunday, 16 Nov 2025 23:07:37 GMT][INFO] [telemetry] performSearch 48ms | mode=list results=1738 search=false prod=JORNAIS
[Sunday, 16 Nov 2025 23:07:37 GMT][INFO] [telemetry] performSearch 21ms | mode=list results=1738 search=false prod=JORNAIS
[Sunday, 16 Nov 2025 23:07:38 GMT][INFO] [telemetry] performSearch 21ms | mode=list results=1738 search=false prod=JORNAIS
